#
# There is insufficient memory for the Java Runtime Environment to continue.
# Native memory allocation (mmap) failed to map 100663296 bytes for G1 virtual space
# Possible reasons:
#   The system is out of physical RAM or swap space
#   The process is running with CompressedOops enabled, and the Java Heap may be blocking the growth of the native heap
# Possible solutions:
#   Reduce memory load on the system
#   Increase physical memory or swap space
#   Check if swap backing store is full
#   Decrease Java heap size (-Xmx/-Xms)
#   Decrease number of Java threads
#   Decrease Java thread stack sizes (-Xss)
#   Set larger code cache with -XX:ReservedCodeCacheSize=
#   JVM is running with Unscaled Compressed Oops mode in which the Java heap is
#     placed in the first 4GB address space. The Java Heap base address is the
#     maximum limit for the native heap growth. Please use -XX:HeapBaseMinAddress
#     to set the Java Heap base and to place the Java Heap above 4GB virtual address.
# This output file may be truncated or incomplete.
#
#  Out of Memory Error (os_windows.cpp:3532), pid=18496, tid=20612
#
# JRE version:  (17.0.2+8) (build )
# Java VM: OpenJDK 64-Bit Server VM (17.0.2+8-LTS, mixed mode, emulated-client, sharing, tiered, compressed oops, compressed class ptrs, g1 gc, windows-amd64)
# No core dump will be written. Minidumps are not enabled by default on client versions of Windows
#

---------------  S U M M A R Y ------------

Command Line: -Dcom.sun.management.jmxremote -Dcom.sun.management.jmxremote.port=56691 -Dcom.sun.management.jmxremote.authenticate=false -Dcom.sun.management.jmxremote.ssl=false -Djava.rmi.server.hostname=localhost -Dspring.jmx.enabled=true -Dmanagement.endpoints.jmx.exposure.include=* -Dspring.application.admin.enabled=true -XX:TieredStopAtLevel=1 -Dspring.boot.project.name=Bookstore -Dfile.encoding=UTF-8 -Dstdout.encoding=UTF-8 -Dstderr.encoding=UTF-8 -XX:+ShowCodeDetailsInExceptionMessages com.example.BookStore.DemoApplication --spring.output.ansi.enabled=always

Host: AMD Ryzen 5 PRO 3500U w/ Radeon Vega Mobile Gfx, 8 cores, 5G,  Windows 11 , 64 bit Build 22621 (10.0.22621.3235)
Time: Sat Apr 13 14:17:33 2024 India Standard Time elapsed time: 0.196059 seconds (0d 0h 0m 0s)

---------------  T H R E A D  ---------------

Current thread (0x0000029352b735b0):  JavaThread "Unknown thread" [_thread_in_vm, id=20612, stack(0x000000c196100000,0x000000c196200000)]

Stack: [0x000000c196100000,0x000000c196200000]
Native frames: (J=compiled Java code, j=interpreted, Vv=VM code, C=native code)
V  [jvm.dll+0x6769fa]
V  [jvm.dll+0x831784]
V  [jvm.dll+0x832f2e]
V  [jvm.dll+0x833593]
V  [jvm.dll+0x2455e5]
V  [jvm.dll+0x673919]
V  [jvm.dll+0x668252]
V  [jvm.dll+0x30432b]
V  [jvm.dll+0x30b836]
V  [jvm.dll+0x35b5fe]
V  [jvm.dll+0x35b82f]
V  [jvm.dll+0x2db2d8]
V  [jvm.dll+0x2dc244]
V  [jvm.dll+0x803011]
V  [jvm.dll+0x369381]
V  [jvm.dll+0x7e238c]
V  [jvm.dll+0x3ec14f]
V  [jvm.dll+0x3edcd1]
C  [jli.dll+0x527b]
C  [ucrtbase.dll+0x29363]
C  [KERNEL32.DLL+0x1257d]
C  [ntdll.dll+0x5aa58]


---------------  P R O C E S S  ---------------

Threads class SMR info:
_java_thread_list=0x00007fff4c36eed8, length=0, elements={
}

Java Threads: ( => current thread )

Other Threads:
  0x0000029352ba6ed0 GCTaskThread "GC Thread#0" [stack: 0x000000c196200000,0x000000c196300000] [id=2524]
  0x0000029352bb4b30 ConcurrentGCThread "G1 Main Marker" [stack: 0x000000c196300000,0x000000c196400000] [id=5772]
  0x0000029352bb5450 ConcurrentGCThread "G1 Conc#0" [stack: 0x000000c196400000,0x000000c196500000] [id=11696]

[error occurred during error reporting (printing all threads), id 0xc0000005, EXCEPTION_ACCESS_VIOLATION (0xc0000005) at pc=0x00007fff4bb2bd07]

VM state: not at safepoint (not fully initialized)

VM Mutex/Monitor currently owned by a thread:  ([mutex/lock_event])
[0x0000029352b6dd80] Heap_lock - owner thread: 0x0000029352b735b0

Heap address: 0x00000000a1000000, size: 1520 MB, Compressed Oops mode: 32-bit

CDS archive(s) mapped at: [0x0000000000000000-0x0000000000000000-0x0000000000000000), size 0, SharedBaseAddress: 0x0000000800000000, ArchiveRelocationMode: 0.
Narrow klass base: 0x0000000000000000, Narrow klass shift: 0, Narrow klass range: 0x0

GC Precious Log:
<Empty>

Heap:
 garbage-first heap   total 0K, used 0K [0x00000000a1000000, 0x0000000100000000)
  region size 1024K, 0 young (0K), 0 survivors (0K)

[error occurred during error reporting (printing heap information), id 0xc0000005, EXCEPTION_ACCESS_VIOLATION (0xc0000005) at pc=0x00007fff4bf0fd49]

GC Heap History (0 events):
No events

Deoptimization events (0 events):
No events

Classes unloaded (0 events):
No events

Classes redefined (0 events):
No events

Internal exceptions (0 events):
No events

VM Operations (0 events):
No events

Events (1 events):
Event: 0.059 Loaded shared library C:\Program Files\Zulu\zulu-17\bin\java.dll


Dynamic libraries:
0x00007ff760a90000 - 0x00007ff760a9e000 	C:\Program Files\Zulu\zulu-17\bin\javaw.exe
0x00007fffb3df0000 - 0x00007fffb4006000 	C:\WINDOWS\SYSTEM32\ntdll.dll
0x00007fffb2f80000 - 0x00007fffb3044000 	C:\WINDOWS\System32\KERNEL32.DLL
0x00007fffb1270000 - 0x00007fffb1616000 	C:\WINDOWS\System32\KERNELBASE.dll
0x00007fffb1620000 - 0x00007fffb1731000 	C:\WINDOWS\System32\ucrtbase.dll
0x00007fffa9b20000 - 0x00007fffa9b38000 	C:\Program Files\Zulu\zulu-17\bin\jli.dll
0x00007fffb3670000 - 0x00007fffb381d000 	C:\WINDOWS\System32\USER32.dll
0x00007fffa0b10000 - 0x00007fffa0b2b000 	C:\Program Files\Zulu\zulu-17\bin\VCRUNTIME140.dll
0x00007fffb17e0000 - 0x00007fffb1806000 	C:\WINDOWS\System32\win32u.dll
0x00007fffb2c80000 - 0x00007fffb2ca9000 	C:\WINDOWS\System32\GDI32.dll
0x00007fff95840000 - 0x00007fff95ad3000 	C:\WINDOWS\WinSxS\amd64_microsoft.windows.common-controls_6595b64144ccf1df_6.0.22621.3235_none_270f74e173860f98\COMCTL32.dll
0x00007fffb19b0000 - 0x00007fffb1ac8000 	C:\WINDOWS\System32\gdi32full.dll
0x00007fffb1740000 - 0x00007fffb17da000 	C:\WINDOWS\System32\msvcp_win.dll
0x00007fffb35c0000 - 0x00007fffb3667000 	C:\WINDOWS\System32\msvcrt.dll
0x00007fffb3bd0000 - 0x00007fffb3c01000 	C:\WINDOWS\System32\IMM32.DLL
0x00007fffb0e40000 - 0x00007fffb0fe0000 	C:\Program Files\Avecto\Privilege Guard Client\PGHook.dll
0x00007fffb1c00000 - 0x00007fffb1cb2000 	C:\WINDOWS\System32\ADVAPI32.dll
0x00007fffb1b40000 - 0x00007fffb1be8000 	C:\WINDOWS\System32\sechost.dll
0x00007fffb1810000 - 0x00007fffb1838000 	C:\WINDOWS\System32\bcrypt.dll
0x00007fffb2e60000 - 0x00007fffb2f75000 	C:\WINDOWS\System32\RPCRT4.dll
0x00007fffada90000 - 0x00007fffada9c000 	C:\Program Files\Zulu\zulu-17\bin\vcruntime140_1.dll
0x00007fff87be0000 - 0x00007fff87c6d000 	C:\Program Files\Zulu\zulu-17\bin\msvcp140.dll
0x00007fff4b840000 - 0x00007fff4c4a0000 	C:\Program Files\Zulu\zulu-17\bin\server\jvm.dll
0x00007fffb1cc0000 - 0x00007fffb1cc8000 	C:\WINDOWS\System32\PSAPI.DLL
0x00007fff9ef00000 - 0x00007fff9ef09000 	C:\WINDOWS\SYSTEM32\WSOCK32.dll
0x00007fffb3350000 - 0x00007fffb33c1000 	C:\WINDOWS\System32\WS2_32.dll
0x00007fffa98f0000 - 0x00007fffa9924000 	C:\WINDOWS\SYSTEM32\WINMM.dll
0x00007fffa8e90000 - 0x00007fffa8e9a000 	C:\WINDOWS\SYSTEM32\VERSION.dll
0x00007fffafea0000 - 0x00007fffafeb8000 	C:\WINDOWS\SYSTEM32\kernel.appcore.dll
0x00007fffad970000 - 0x00007fffad97a000 	C:\Program Files\Zulu\zulu-17\bin\jimage.dll
0x00007fffae5c0000 - 0x00007fffae7f3000 	C:\WINDOWS\SYSTEM32\DBGHELP.DLL
0x00007fffb3820000 - 0x00007fffb3ba8000 	C:\WINDOWS\System32\combase.dll
0x00007fffb3100000 - 0x00007fffb31d7000 	C:\WINDOWS\System32\OLEAUT32.dll
0x00007fff9c420000 - 0x00007fff9c452000 	C:\WINDOWS\SYSTEM32\dbgcore.DLL
0x00007fffb11f0000 - 0x00007fffb126a000 	C:\WINDOWS\System32\bcryptPrimitives.dll
0x00007fffa5ea0000 - 0x00007fffa5ec5000 	C:\Program Files\Zulu\zulu-17\bin\java.dll

dbghelp: loaded successfully - version: 4.0.5 - missing functions: none
symbol engine: initialized successfully - sym options: 0x614 - pdb path: .;C:\Program Files\Zulu\zulu-17\bin;C:\WINDOWS\SYSTEM32;C:\WINDOWS\WinSxS\amd64_microsoft.windows.common-controls_6595b64144ccf1df_6.0.22621.3235_none_270f74e173860f98;C:\Program Files\Avecto\Privilege Guard Client;C:\Program Files\Zulu\zulu-17\bin\server

VM Arguments:
jvm_args: -Dcom.sun.management.jmxremote -Dcom.sun.management.jmxremote.port=56691 -Dcom.sun.management.jmxremote.authenticate=false -Dcom.sun.management.jmxremote.ssl=false -Djava.rmi.server.hostname=localhost -Dspring.jmx.enabled=true -Dmanagement.endpoints.jmx.exposure.include=* -Dspring.application.admin.enabled=true -XX:TieredStopAtLevel=1 -Dspring.boot.project.name=Bookstore -Dfile.encoding=UTF-8 -Dstdout.encoding=UTF-8 -Dstderr.encoding=UTF-8 -XX:+ShowCodeDetailsInExceptionMessages 
java_command: com.example.BookStore.DemoApplication --spring.output.ansi.enabled=always
java_class_path (initial): C:\Users\2318667\eclipse-workspace\Bookstore\target\classes;C:\Users\2318667\.m2\repository\org\springframework\boot\spring-boot-starter-web\3.2.4\spring-boot-starter-web-3.2.4.jar;C:\Users\2318667\.m2\repository\org\springframework\boot\spring-boot-starter\3.2.4\spring-boot-starter-3.2.4.jar;C:\Users\2318667\.m2\repository\org\springframework\boot\spring-boot-starter-logging\3.2.4\spring-boot-starter-logging-3.2.4.jar;C:\Users\2318667\.m2\repository\ch\qos\logback\logback-classic\1.4.14\logback-classic-1.4.14.jar;C:\Users\2318667\.m2\repository\ch\qos\logback\logback-core\1.4.14\logback-core-1.4.14.jar;C:\Users\2318667\.m2\repository\org\apache\logging\log4j\log4j-to-slf4j\2.21.1\log4j-to-slf4j-2.21.1.jar;C:\Users\2318667\.m2\repository\org\apache\logging\log4j\log4j-api\2.21.1\log4j-api-2.21.1.jar;C:\Users\2318667\.m2\repository\org\slf4j\jul-to-slf4j\2.0.12\jul-to-slf4j-2.0.12.jar;C:\Users\2318667\.m2\repository\jakarta\annotation\jakarta.annotation-api\2.1.1\jakarta.annotation-api-2.1.1.jar;C:\Users\2318667\.m2\repository\org\yaml\snakeyaml\2.2\snakeyaml-2.2.jar;C:\Users\2318667\.m2\repository\org\springframework\boot\spring-boot-starter-json\3.2.4\spring-boot-starter-json-3.2.4.jar;C:\Users\2318667\.m2\repository\com\fasterxml\jackson\core\jackson-databind\2.15.4\jackson-databind-2.15.4.jar;C:\Users\2318667\.m2\repository\com\fasterxml\jackson\core\jackson-annotations\2.15.4\jackson-annotations-2.15.4.jar;C:\Users\2318667\.m2\repository\com\fasterxml\jackson\core\jackson-core\2.15.4\jackson-core-2.15.4.jar;C:\Users\2318667\.m2\repository\com\fasterxml\jackson\datatype\jackson-datatype-jdk8\2.15.4\jackson-datatype-jdk8-2.15.4.jar;C:\Users\2318667\.m2\repository\com\fasterxml\jackson\datatype\jackson-datatype-jsr310\2.15.4\jackson-datatype-jsr310-2.15.4.jar;C:\Users\2318667\.m2\repository\com\fasterxml\jackson\module\jackson-module-parameter-names\2.15.4\jackson-module-parameter-names-2.15.4.jar;C:\Users\2318667\.m2\repository\org\spr
Launcher Type: SUN_STANDARD

[Global flags]
     intx CICompilerCount                          = 4                                         {product} {ergonomic}
     uint ConcGCThreads                            = 2                                         {product} {ergonomic}
     uint G1ConcRefinementThreads                  = 8                                         {product} {ergonomic}
   size_t G1HeapRegionSize                         = 1048576                                   {product} {ergonomic}
    uintx GCDrainStackTargetSize                   = 64                                        {product} {ergonomic}
   size_t InitialHeapSize                          = 100663296                                 {product} {ergonomic}
     bool ManagementServer                         = true                                      {product} {command line}
   size_t MarkStackSize                            = 4194304                                   {product} {ergonomic}
   size_t MaxHeapSize                              = 1593835520                                {product} {ergonomic}
   size_t MinHeapDeltaBytes                        = 1048576                                   {product} {ergonomic}
   size_t MinHeapSize                              = 8388608                                   {product} {ergonomic}
    uintx NonProfiledCodeHeapSize                  = 0                                      {pd product} {ergonomic}
     bool ProfileInterpreter                       = false                                  {pd product} {command line}
    uintx ProfiledCodeHeapSize                     = 0                                      {pd product} {ergonomic}
     bool ShowCodeDetailsInExceptionMessages       = true                                   {manageable} {command line}
   size_t SoftMaxHeapSize                          = 1593835520                             {manageable} {ergonomic}
     intx TieredStopAtLevel                        = 1                                         {product} {command line}
     bool UseCompressedClassPointers               = true                           {product lp64_product} {ergonomic}
     bool UseCompressedOops                        = true                           {product lp64_product} {ergonomic}
     bool UseG1GC                                  = true                                      {product} {ergonomic}
     bool UseLargePagesIndividualAllocation        = false                                  {pd product} {ergonomic}

Logging:
Log output configuration:
 #0: stdout all=warning uptime,level,tags
 #1: stderr all=off uptime,level,tags

Environment Variables:
PATH=C:/Program Files/Zulu/zulu-17/bin/server;C:/Program Files/Zulu/zulu-17/bin;C:\Program Files\Zulu\zulu-17\bin\;C:\WINDOWS\system32;C:\WINDOWS;C:\WINDOWS\System32\Wbem;C:\WINDOWS\System32\WindowsPowerShell\v1.0\;C:\WINDOWS\System32\OpenSSH\;C:\Program Files\Git\cmd;C:\Users\2318667\AppData\Local\Microsoft\WindowsApps;C:\Users\2318667\AppData\Local\Programs\Microsoft VS Code\bin;C:\Program Files\Notepad++;;C:\Users\2318667\OneDrive - Cognizant\Desktop;
USERNAME=2318667
OS=Windows_NT
PROCESSOR_IDENTIFIER=AMD64 Family 23 Model 24 Stepping 1, AuthenticAMD



---------------  S Y S T E M  ---------------

OS:
 Windows 11 , 64 bit Build 22621 (10.0.22621.3235)
OS uptime: 10 days 23:57 hours
Hyper-V role detected

CPU: total 8 (initial active 8) (8 cores per cpu, 2 threads per core) family 23 model 24 stepping 1 microcode 0x0, cx8, cmov, fxsr, ht, mmx, 3dnowpref, sse, sse2, sse3, ssse3, sse4a, sse4.1, sse4.2, popcnt, lzcnt, tsc, tscinvbit, avx, avx2, aes, clmul, bmi1, bmi2, adx, sha, fma, vzeroupper, clflush, clflushopt, hv

Memory: 4k page, system-wide physical 6077M (332M free)
TotalPageFile size 22461M (AvailPageFile size 78M)
current process WorkingSet (physical memory assigned to process): 11M, peak: 11M
current process commit charge ("private bytes"): 55M, peak: 151M

vm_info: OpenJDK 64-Bit Server VM (17.0.2+8-LTS) for windows-amd64 JRE (17.0.2+8-LTS) (Zulu17.32+13-CA), built on Jan  8 2022 13:06:16 by "zulu_re" with MS VC++ 16.10 / 16.11 (VS2019)

END.
